[debug] [2025-07-07T10:45:37.351Z] ----------------------------------------------------------------------
[debug] [2025-07-07T10:45:37.379Z] Command:       C:\Program Files\nodejs\node.exe C:\Users\looka\AppData\Roaming\npm\node_modules\firebase-tools\lib\bin\firebase.js init
[debug] [2025-07-07T10:45:37.393Z] CLI Version:   14.9.0
[debug] [2025-07-07T10:45:37.394Z] Platform:      win32
[debug] [2025-07-07T10:45:37.395Z] Node Version:  v22.16.0
[debug] [2025-07-07T10:45:37.525Z] Time:          Mon Jul 07 2025 15:45:37 GMT+0500 (Узбекистан, стандартное время)
[debug] [2025-07-07T10:45:37.527Z] ----------------------------------------------------------------------
[debug] 
[debug] [2025-07-07T10:45:38.192Z] > command requires scopes: ["email","openid","https://www.googleapis.com/auth/cloudplatformprojects.readonly","https://www.googleapis.com/auth/firebase","https://www.googleapis.com/auth/cloud-platform"]
[debug] [2025-07-07T10:45:38.371Z] > authorizing via signed-in user (wh333444555666777@gmail.com)
[info] 
     ######## #### ########  ######## ########     ###     ######  ########
     ##        ##  ##     ## ##       ##     ##  ##   ##  ##       ##
     ######    ##  ########  ######   ########  #########  ######  ######
     ##        ##  ##    ##  ##       ##     ## ##     ##       ## ##
     ##       #### ##     ## ######## ########  ##     ##  ######  ########

You're about to initialize a Firebase project in this directory:

  C:\Users\looka\Desktop\Hack panel\hacker-panel05

[info] 
=== Project Setup
[info] 
[info] First, let's associate this project directory with a Firebase project.
[info] You can create multiple project aliases by running firebase use --add, 
[info] but for now we'll just set up a default project.
[info] 
[debug] [2025-07-07T10:51:20.853Z] Checked if tokens are valid: true, expires at: 1751888645271
[debug] [2025-07-07T10:51:20.855Z] Checked if tokens are valid: true, expires at: 1751888645271
[debug] [2025-07-07T10:51:20.864Z] >>> [apiv2][query] GET https://firebase.googleapis.com/v1beta1/projects pageSize=100
[debug] [2025-07-07T10:51:21.958Z] <<< [apiv2][status] GET https://firebase.googleapis.com/v1beta1/projects 200
[debug] [2025-07-07T10:51:21.959Z] <<< [apiv2][body] GET https://firebase.googleapis.com/v1beta1/projects [omitted]
[info] i  Using project hack-panel05 (Hack-panel05) 
[info] 
=== Hosting Setup
[debug] [2025-07-07T10:52:03.599Z] Checked if tokens are valid: true, expires at: 1751888645271
[debug] [2025-07-07T10:52:03.601Z] Checked if tokens are valid: true, expires at: 1751888645271
[debug] [2025-07-07T10:52:03.602Z] >>> [apiv2][query] GET https://firebase.googleapis.com/v1beta1/projects/hack-panel05 [none]
[debug] [2025-07-07T10:52:04.176Z] <<< [apiv2][status] GET https://firebase.googleapis.com/v1beta1/projects/hack-panel05 200
[debug] [2025-07-07T10:52:04.177Z] <<< [apiv2][body] GET https://firebase.googleapis.com/v1beta1/projects/hack-panel05 {"projectId":"hack-panel05","projectNumber":"832217930313","displayName":"Hack-panel05","name":"projects/hack-panel05","resources":{"hostingSite":"hack-panel05"},"state":"ACTIVE","etag":"1_bd76eb20-38ff-4919-bd0c-9f21f30a97c9"}
[info] 
[info] Your public directory is the folder (relative to your project directory) that
[info] will contain Hosting assets to be uploaded with firebase deploy. If you
[info] have a build process for your assets, use your build's output directory.
[info] 
